2026-02-15 21:55:29,888 - INFO - Reloaded providers. 2 providers active.
2026-02-15 21:55:29,889 - INFO - StoryManager initialized and providers registered.
INFO:     Started server process [3937]
INFO:     Waiting for application startup.
2026-02-15 21:55:29,965 - INFO - Starting worker thread...
2026-02-15 21:55:29,965 - INFO - Worker started...
2026-02-15 21:55:29,966 - INFO - Worker thread started.
2026-02-15 21:55:29,966 - INFO - Starting scheduler...
2026-02-15 21:55:29,974 - INFO - No pending chapters.
2026-02-15 21:55:29,974 - INFO - Sleeping for 59.19 seconds...
2026-02-15 21:55:29,983 - INFO - Adding job tentatively -- it will be properly scheduled when the scheduler starts
2026-02-15 21:55:29,984 - INFO - Added job "check_for_updates" to job store "default"
2026-02-15 21:55:29,984 - INFO - Scheduler started
2026-02-15 21:55:29,984 - INFO - Scheduler started.
INFO:     Application startup complete.
INFO:     Uvicorn running on http://0.0.0.0:8000 (Press CTRL+C to quit)
INFO:     127.0.0.1:40200 - "GET / HTTP/1.1" 200 OK
INFO:     127.0.0.1:40200 - "GET /sources HTTP/1.1" 200 OK
INFO:     127.0.0.1:40200 - "GET /api/sources HTTP/1.1" 200 OK
2026-02-15 21:56:29,167 - INFO - No pending chapters.
2026-02-15 21:56:29,168 - INFO - Sleeping for 32.40 seconds...
INFO:     Shutting down
INFO:     Waiting for application shutdown.
2026-02-15 21:56:44,607 - INFO - Scheduler has been shut down
2026-02-15 21:56:44,608 - INFO - Scheduler shut down.
INFO:     Application shutdown complete.
INFO:     Finished server process [3937]
